{"type":"operationStart","subtype":"profile","data":{"_id":"uVAw2pK3cuTkvrbA","timestamp":"2025-05-12T15:59:43.607Z","state":"queued","mode":"standard","creationDate":"2025-05-12T15:59:43.618Z","modificationDate":"2025-05-12T15:59:43.618Z","shortid":"T5JiJw3","$entitySet":"profiles"},"doDiffs":false,"timestamp":1747065583615,"id":"6i9xhozc07dyq2t","previousOperationId":null,"operationId":"xzkwj2egxhld0io"}
{"type":"log","level":"info","message":"Render request 50 queued for execution and waiting for available worker","previousOperationId":"xzkwj2egxhld0io","timestamp":1747065583615,"id":"bpkwa996oznq8ld"}
{"type":"operationStart","subtype":"render","name":"certificate_main","previousOperationId":"xzkwj2egxhld0io","timestamp":1747065583666,"id":"vr35gjijkqista4","previousEventId":"6i9xhozc07dyq2t","operationId":"xq9ykmxtss1pmdk"}
{"type":"log","timestamp":1747065583667,"level":"info","message":"Starting rendering request 50","meta":{"rootId":"8w4h7ho8vgiehsv","id":"8w4h7ho8vgiehsv"},"id":"83ul1w5ggmeao3i","previousOperationId":"xq9ykmxtss1pmdk"}
{"type":"log","timestamp":1747065583667,"level":"info","message":"Rendering template { name: certificate_main, recipe: chrome-pdf, engine: none, preview: true }","meta":{"rootId":"8w4h7ho8vgiehsv","id":"8w4h7ho8vgiehsv"},"id":"rmtpjjbv2t4hle0","previousOperationId":"xq9ykmxtss1pmdk"}
{"type":"log","timestamp":1747065583669,"level":"debug","message":"Adding sample data Sy5S19ncg","meta":{"rootId":"8w4h7ho8vgiehsv","id":"8w4h7ho8vgiehsv"},"id":"argagqzwwzgohjn","previousOperationId":"xq9ykmxtss1pmdk"}
{"type":"log","timestamp":1747065583671,"level":"debug","message":"Base url not specified, skipping its injection.","meta":{"rootId":"8w4h7ho8vgiehsv","id":"8w4h7ho8vgiehsv"},"id":"np8sv7j0faqkizj","previousOperationId":"xq9ykmxtss1pmdk"}
{"type":"operationStart","subtype":"engine","name":"none","timestamp":1747065583671,"id":"7k08gama0iz2soe","previousEventId":"vr35gjijkqista4","operationId":"nowh5p7twjtihad","previousOperationId":"xq9ykmxtss1pmdk"}
{"type":"log","timestamp":1747065583671,"level":"debug","message":"Rendering engine none","meta":{"rootId":"8w4h7ho8vgiehsv","id":"8w4h7ho8vgiehsv"},"id":"b8yfmr6626aue9y","previousOperationId":"nowh5p7twjtihad"}
{"type":"operationEnd","operationId":"nowh5p7twjtihad","timestamp":1747065583690,"id":"lcbiy40drng7m2i","previousEventId":"7k08gama0iz2soe","previousOperationId":"nowh5p7twjtihad"}
{"type":"operationStart","subtype":"recipe","name":"chrome-pdf","timestamp":1747065583690,"id":"vxwyo573gb5x6ld","previousEventId":"lcbiy40drng7m2i","operationId":"jukm5374lpus8h3","previousOperationId":"nowh5p7twjtihad"}
{"type":"log","timestamp":1747065583690,"level":"debug","message":"Executing recipe chrome-pdf","meta":{"rootId":"8w4h7ho8vgiehsv","id":"8w4h7ho8vgiehsv"},"id":"6s5mdpt2fknrql3","previousOperationId":"jukm5374lpus8h3"}
{"type":"log","timestamp":1747065583694,"level":"debug","message":"Converting with chrome Chrome/122.0.6261.111 using chrome-pool strategy","meta":{"rootId":"8w4h7ho8vgiehsv","id":"8w4h7ho8vgiehsv"},"id":"lyjcvv0z2y0zi5w","previousOperationId":"jukm5374lpus8h3"}
{"type":"log","timestamp":1747065583812,"level":"debug","message":"Page request: GET (document) file:///var/folders/j7/vq6wj4h9613fyybn17_01dxh0000gn/T/jsreport/autocleanup/086fb160-552c-461d-bb24-9c56b70e28fd-chrome-pdf.html","meta":{"rootId":"8w4h7ho8vgiehsv","id":"8w4h7ho8vgiehsv"},"id":"5k5sbuxrj00d6lb","previousOperationId":"jukm5374lpus8h3"}
{"type":"log","timestamp":1747065583831,"level":"debug","message":"Page request finished: GET (document) 200 file:///var/folders/j7/vq6wj4h9613fyybn17_01dxh0000gn/T/jsreport/autocleanup/086fb160-552c-461d-bb24-9c56b70e28fd-chrome-pdf.html","meta":{"rootId":"8w4h7ho8vgiehsv","id":"8w4h7ho8vgiehsv"},"id":"au5dsu4c3d9tja3","previousOperationId":"jukm5374lpus8h3"}
{"type":"log","timestamp":1747065583831,"level":"debug","message":"Page request: GET (image) file:///var/folders/j7/vq6wj4h9613fyybn17_01dxh0000gn/T/jsreport/autocleanup/%7B%7B%20asset%20'./gl-logo.png'%20'dataURI'%20%7D%7D","meta":{"rootId":"8w4h7ho8vgiehsv","id":"8w4h7ho8vgiehsv"},"id":"7wj01c23yc82txc","previousOperationId":"jukm5374lpus8h3"}
{"type":"log","timestamp":1747065583832,"level":"warn","message":"Page request failed: GET (image) file:///var/folders/j7/vq6wj4h9613fyybn17_01dxh0000gn/T/jsreport/autocleanup/%7B%7B%20asset%20'./gl-logo.png'%20'dataURI'%20%7D%7D, failure: net::ERR_FILE_NOT_FOUND","meta":{"rootId":"8w4h7ho8vgiehsv","id":"8w4h7ho8vgiehsv"},"id":"1ju3jj17yispqt5","previousOperationId":"jukm5374lpus8h3"}
{"type":"log","timestamp":1747065583833,"level":"debug","message":"(console:error) Failed to load resource: net::ERR_FILE_NOT_FOUND","meta":{"userLevel":true,"rootId":"8w4h7ho8vgiehsv","id":"8w4h7ho8vgiehsv"},"id":"w16inlbk7cyptl9","previousOperationId":"jukm5374lpus8h3"}
{"type":"log","timestamp":1747065583847,"level":"debug","message":"Running chrome with params {\"printBackground\":true,\"marginTop\":\"1cm\",\"marginRight\":\"1cm\",\"marginBottom\":\"1cm\",\"marginLeft\":\"1cm\",\"format\":\"Letter\",\"timeout\":59914,\"margin\":{\"top\":\"1cm\",\"right\":\"1cm\",\"bottom\":\"1cm\",\"left\":\"1cm\"}}","meta":{"rootId":"8w4h7ho8vgiehsv","id":"8w4h7ho8vgiehsv"},"id":"bdqknyjpez03ljc","previousOperationId":"jukm5374lpus8h3"}
{"type":"operationEnd","operationId":"jukm5374lpus8h3","timestamp":1747065583986,"id":"fsz6qrwthfp9xc6","previousEventId":"vxwyo573gb5x6ld","previousOperationId":"jukm5374lpus8h3"}
{"type":"log","timestamp":1747065583986,"level":"debug","message":"Skipping storing report.","meta":{"rootId":"8w4h7ho8vgiehsv","id":"8w4h7ho8vgiehsv"},"id":"h2d8a111b2vliby","previousOperationId":"jukm5374lpus8h3"}
{"type":"log","timestamp":1747065583986,"level":"info","message":"Rendering request 50 finished in 379 ms","meta":{"rootId":"8w4h7ho8vgiehsv","id":"8w4h7ho8vgiehsv"},"id":"u26hkw0jp7na937","previousOperationId":"jukm5374lpus8h3"}
{"type":"operationEnd","subtype":"render","operationId":"xq9ykmxtss1pmdk","timestamp":1747065583986,"id":"w7yt5b99amroudc","previousEventId":"fsz6qrwthfp9xc6","previousOperationId":"jukm5374lpus8h3"}
{"type":"operationEnd","doDiffs":false,"previousEventId":"6i9xhozc07dyq2t","previousOperationId":"xzkwj2egxhld0io","operationId":"xzkwj2egxhld0io","timestamp":1747065583987,"id":"f5vut1c11zauw59"}
