{"type":"operationStart","subtype":"profile","data":{"_id":"54pzklItrz4C4zdX","timestamp":"2025-05-12T15:23:09.913Z","state":"queued","mode":"standard","creationDate":"2025-05-12T15:23:09.915Z","modificationDate":"2025-05-12T15:23:09.915Z","shortid":"a9WJkN-","$entitySet":"profiles"},"doDiffs":false,"timestamp":1747063389914,"id":"q8cj60fqlnocule","previousOperationId":null,"operationId":"6ygubdl9jzpud1t"}
{"type":"log","level":"info","message":"Render request 4 queued for execution and waiting for available worker","previousOperationId":"6ygubdl9jzpud1t","timestamp":1747063389914,"id":"5rup4so5ryfhm1k"}
{"type":"operationStart","subtype":"render","name":"orders-main","previousOperationId":"6ygubdl9jzpud1t","timestamp":1747063389978,"id":"nfq2t1l6u71rb2v","previousEventId":"q8cj60fqlnocule","operationId":"gh4zqvrqrxrycww"}
{"type":"log","timestamp":1747063389978,"level":"info","message":"Starting rendering request 4","meta":{"rootId":"2xm90ogspxhm4qr","id":"2xm90ogspxhm4qr"},"id":"wj9clb7400x8qw6","previousOperationId":"gh4zqvrqrxrycww"}
{"type":"log","timestamp":1747063389978,"level":"info","message":"Rendering template { name: orders-main, recipe: chrome-pdf, engine: handlebars, preview: true }","meta":{"rootId":"2xm90ogspxhm4qr","id":"2xm90ogspxhm4qr"},"id":"hedm8re60wbl26l","previousOperationId":"gh4zqvrqrxrycww"}
{"type":"log","timestamp":1747063389980,"level":"debug","message":"Data item not defined for this template.","meta":{"rootId":"2xm90ogspxhm4qr","id":"2xm90ogspxhm4qr"},"id":"akxdmqrlsgjgluj","previousOperationId":"gh4zqvrqrxrycww"}
{"type":"log","timestamp":1747063389982,"level":"debug","message":"Executing script orders-script (beforeRender)","meta":{"rootId":"2xm90ogspxhm4qr","id":"2xm90ogspxhm4qr"},"id":"vy8bs7q17axvf55","previousOperationId":"gh4zqvrqrxrycww"}
{"type":"operationStart","subtype":"scriptsBeforeRender","name":"scripts beforeRender","timestamp":1747063390001,"id":"cfdcya4276cdq93","previousEventId":"nfq2t1l6u71rb2v","operationId":"jvrn25poie9fsjh","previousOperationId":"gh4zqvrqrxrycww"}
{"type":"operationStart","subtype":"script","name":"scripts orders-script","previousOperationId":"jvrn25poie9fsjh","timestamp":1747063390001,"id":"uj5r2ixj59nniau","previousEventId":"cfdcya4276cdq93","operationId":"fgtsi93i0pvb4yq"}
{"type":"operationEnd","operationId":"fgtsi93i0pvb4yq","timestamp":1747063399767,"id":"h8pzw7pt8si50lv","previousEventId":"nfq2t1l6u71rb2v","previousOperationId":"gh4zqvrqrxrycww"}
{"type":"operationEnd","operationId":"jvrn25poie9fsjh","timestamp":1747063399767,"id":"qtooehx6z2141ga","previousEventId":"h8pzw7pt8si50lv","previousOperationId":"gh4zqvrqrxrycww"}
{"type":"log","timestamp":1747063399767,"level":"debug","message":"Base url not specified, skipping its injection.","meta":{"rootId":"2xm90ogspxhm4qr","id":"2xm90ogspxhm4qr"},"id":"t5784bo5r79yee2","previousOperationId":"jvrn25poie9fsjh"}
{"type":"operationStart","subtype":"engine","name":"handlebars","timestamp":1747063399768,"id":"32zetxnrs9oblzx","previousEventId":"qtooehx6z2141ga","operationId":"f61xk6rhngcski4","previousOperationId":"jvrn25poie9fsjh"}
{"type":"log","timestamp":1747063399768,"level":"debug","message":"Rendering engine handlebars","meta":{"rootId":"2xm90ogspxhm4qr","id":"2xm90ogspxhm4qr"},"id":"caxnplf9lhhdjh0","previousOperationId":"f61xk6rhngcski4"}
{"type":"log","timestamp":1747063399801,"level":"debug","message":"(console:log) Pdf utils adding group field, value: \"France\"","meta":{"userLevel":true,"rootId":"2xm90ogspxhm4qr","id":"2xm90ogspxhm4qr"},"id":"boh4x8zyttjm1yh","previousOperationId":"f61xk6rhngcski4"}
{"type":"log","timestamp":1747063399802,"level":"debug","message":"(console:log) Pdf utils adding group field, value: \"Germany\"","meta":{"userLevel":true,"rootId":"2xm90ogspxhm4qr","id":"2xm90ogspxhm4qr"},"id":"6gmetayjvdrivn1","previousOperationId":"f61xk6rhngcski4"}
{"type":"operationEnd","operationId":"f61xk6rhngcski4","timestamp":1747063399803,"id":"nbusw7hvd0w6r39","previousEventId":"32zetxnrs9oblzx","previousOperationId":"f61xk6rhngcski4"}
{"type":"operationStart","subtype":"recipe","name":"chrome-pdf","timestamp":1747063399803,"id":"2stl7l2tp2pp8yg","previousEventId":"nbusw7hvd0w6r39","operationId":"5kfzzsoqanstgwp","previousOperationId":"f61xk6rhngcski4"}
{"type":"log","timestamp":1747063399803,"level":"debug","message":"Executing recipe chrome-pdf","meta":{"rootId":"2xm90ogspxhm4qr","id":"2xm90ogspxhm4qr"},"id":"0ql1jqprleakx5x","previousOperationId":"5kfzzsoqanstgwp"}
{"type":"log","timestamp":1747063402135,"level":"debug","message":"Converting with chrome Chrome/122.0.6261.111 using chrome-pool strategy","meta":{"rootId":"2xm90ogspxhm4qr","id":"2xm90ogspxhm4qr"},"id":"8bir5h9091eer9q","previousOperationId":"5kfzzsoqanstgwp"}
{"type":"log","timestamp":1747063402329,"level":"debug","message":"Page request: GET (document) file:///var/folders/j7/vq6wj4h9613fyybn17_01dxh0000gn/T/jsreport/autocleanup/a2c7016f-9246-4ba2-aebf-7c1d827eb9a8-chrome-pdf.html","meta":{"rootId":"2xm90ogspxhm4qr","id":"2xm90ogspxhm4qr"},"id":"hs29ro5kvdkf88d","previousOperationId":"5kfzzsoqanstgwp"}
{"type":"log","timestamp":1747063402384,"level":"debug","message":"Page request finished: GET (document) 200 file:///var/folders/j7/vq6wj4h9613fyybn17_01dxh0000gn/T/jsreport/autocleanup/a2c7016f-9246-4ba2-aebf-7c1d827eb9a8-chrome-pdf.html","meta":{"rootId":"2xm90ogspxhm4qr","id":"2xm90ogspxhm4qr"},"id":"y3smzn9l61wlt5n","previousOperationId":"5kfzzsoqanstgwp"}
{"type":"log","timestamp":1747063402384,"level":"debug","message":"Page request: GET (stylesheet) https://cdnjs.cloudflare.com/ajax/libs/metro/4.1.5/css/metro.min.css","meta":{"rootId":"2xm90ogspxhm4qr","id":"2xm90ogspxhm4qr"},"id":"goa4uex2z16zg4b","previousOperationId":"5kfzzsoqanstgwp"}
{"type":"log","timestamp":1747063402384,"level":"debug","message":"Page request: GET (script) https://cdnjs.cloudflare.com/ajax/libs/Chart.js/2.7.2/Chart.min.js","meta":{"rootId":"2xm90ogspxhm4qr","id":"2xm90ogspxhm4qr"},"id":"flw8wjrx0401au6","previousOperationId":"5kfzzsoqanstgwp"}
{"type":"log","timestamp":1747063402850,"level":"debug","message":"Page request finished: GET (stylesheet) 200 https://cdnjs.cloudflare.com/ajax/libs/metro/4.1.5/css/metro.min.css","meta":{"rootId":"2xm90ogspxhm4qr","id":"2xm90ogspxhm4qr"},"id":"hkc9etym0c2h9i7","previousOperationId":"5kfzzsoqanstgwp"}
{"type":"log","timestamp":1747063402912,"level":"debug","message":"Page request finished: GET (script) 200 https://cdnjs.cloudflare.com/ajax/libs/Chart.js/2.7.2/Chart.min.js","meta":{"rootId":"2xm90ogspxhm4qr","id":"2xm90ogspxhm4qr"},"id":"tbd07bn2lqquqqy","previousOperationId":"5kfzzsoqanstgwp"}
{"type":"log","timestamp":1747063402977,"level":"debug","message":"Running chrome with params {\"printBackground\":true,\"marginTop\":\"4cm\",\"marginRight\":\"1.5cm\",\"marginBottom\":\"1.5cm\",\"marginLeft\":\"1.5cm\",\"waitForJS\":false,\"timeout\":48681,\"margin\":{\"top\":\"4cm\",\"right\":\"1.5cm\",\"bottom\":\"1.5cm\",\"left\":\"1.5cm\"}}","meta":{"rootId":"2xm90ogspxhm4qr","id":"2xm90ogspxhm4qr"},"id":"uspa58hrqgvdk4m","previousOperationId":"5kfzzsoqanstgwp"}
{"type":"operationEnd","operationId":"5kfzzsoqanstgwp","timestamp":1747063403420,"id":"2jynuxdhv5i2spm","previousEventId":"2stl7l2tp2pp8yg","previousOperationId":"5kfzzsoqanstgwp"}
{"type":"log","timestamp":1747063403420,"level":"info","message":"pdf-utils is starting pdf processing","meta":{"rootId":"2xm90ogspxhm4qr","id":"2xm90ogspxhm4qr"},"id":"0p882zy5kqvoxpf","previousOperationId":"5kfzzsoqanstgwp"}
{"type":"operationStart","subtype":"pdfUtils","name":"pdf utils","timestamp":1747063403694,"id":"wuicqt9es5uk862","previousEventId":"2jynuxdhv5i2spm","operationId":"rapggko2mn50baf","previousOperationId":"5kfzzsoqanstgwp"}
{"type":"log","timestamp":1747063403694,"level":"debug","message":"pdf-utils detected 1 pdf operation(s) to process","meta":{"rootId":"2xm90ogspxhm4qr","id":"2xm90ogspxhm4qr"},"id":"1ygikf2ipfizf00","previousOperationId":"rapggko2mn50baf"}
{"type":"log","timestamp":1747063403840,"level":"debug","message":"pdf-utils running pdf operation merge","meta":{"rootId":"2xm90ogspxhm4qr","id":"2xm90ogspxhm4qr"},"id":"hemv1tm8lggnxuc","previousOperationId":"rapggko2mn50baf"}
{"type":"operationStart","subtype":"pdfUtilsMerge","name":"pdf utils merge","previousOperationId":"rapggko2mn50baf","timestamp":1747063403840,"id":"soka7rgu9jy28fv","previousEventId":"wuicqt9es5uk862","operationId":"rdhci8xmee8vp81"}
{"type":"operationStart","subtype":"render","name":"orders-header","previousOperationId":"rdhci8xmee8vp81","timestamp":1747063403842,"id":"u9dizf74g911twb","previousEventId":"soka7rgu9jy28fv","operationId":"mrzuozcutruj9p8"}
{"type":"log","timestamp":1747063403842,"level":"info","message":"Starting rendering (child) request","meta":{"rootId":"2xm90ogspxhm4qr","id":"1t61aqm6zunfb5n"},"id":"w9pbfb6sgrry5gx","previousOperationId":"mrzuozcutruj9p8"}
{"type":"log","timestamp":1747063403842,"level":"info","message":"Rendering template { name: orders-header, recipe: chrome-pdf, engine: handlebars, preview: true }","meta":{"rootId":"2xm90ogspxhm4qr","id":"1t61aqm6zunfb5n"},"id":"hb2y43ivmnrdhzv","previousOperationId":"mrzuozcutruj9p8"}
{"type":"log","timestamp":1747063403843,"level":"debug","message":"Inline data specified.","meta":{"rootId":"2xm90ogspxhm4qr","id":"1t61aqm6zunfb5n"},"id":"bw407mo5ovvhmr3","previousOperationId":"mrzuozcutruj9p8"}
{"type":"log","timestamp":1747063403845,"level":"debug","message":"Base url not specified, skipping its injection.","meta":{"rootId":"2xm90ogspxhm4qr","id":"1t61aqm6zunfb5n"},"id":"sy3l6883anztsjf","previousOperationId":"mrzuozcutruj9p8"}
{"type":"operationStart","subtype":"engine","name":"handlebars","timestamp":1747063403845,"id":"9ghqqdlw60zs8pw","previousEventId":"u9dizf74g911twb","operationId":"i67lkyhx74v3fck","previousOperationId":"mrzuozcutruj9p8"}
{"type":"log","timestamp":1747063403845,"level":"debug","message":"Rendering engine handlebars","meta":{"rootId":"2xm90ogspxhm4qr","id":"1t61aqm6zunfb5n"},"id":"2z05l5yayyvvamv","previousOperationId":"i67lkyhx74v3fck"}
{"type":"operationEnd","operationId":"i67lkyhx74v3fck","timestamp":1747063403907,"id":"prf4jbexsmi1drd","previousEventId":"9ghqqdlw60zs8pw","previousOperationId":"i67lkyhx74v3fck"}
{"type":"operationStart","subtype":"recipe","name":"chrome-pdf","timestamp":1747063403907,"id":"ltqeo1w9cfi1bpu","previousEventId":"prf4jbexsmi1drd","operationId":"804osvy0kc1qc7q","previousOperationId":"i67lkyhx74v3fck"}
{"type":"log","timestamp":1747063403907,"level":"debug","message":"Executing recipe chrome-pdf","meta":{"rootId":"2xm90ogspxhm4qr","id":"1t61aqm6zunfb5n"},"id":"f7i9okhd2yyjfcw","previousOperationId":"804osvy0kc1qc7q"}
{"type":"log","timestamp":1747063403909,"level":"debug","message":"Converting with chrome Chrome/122.0.6261.111 using chrome-pool strategy","meta":{"rootId":"2xm90ogspxhm4qr","id":"1t61aqm6zunfb5n"},"id":"mbldm8d6p2zj8tp","previousOperationId":"804osvy0kc1qc7q"}
{"type":"log","timestamp":1747063403931,"level":"debug","message":"Page request: GET (document) file:///var/folders/j7/vq6wj4h9613fyybn17_01dxh0000gn/T/jsreport/autocleanup/e747ed3c-4953-4600-b230-01935d5d8212-chrome-pdf.html","meta":{"rootId":"2xm90ogspxhm4qr","id":"1t61aqm6zunfb5n"},"id":"hf03xt4ggqqqx1j","previousOperationId":"804osvy0kc1qc7q"}
{"type":"log","timestamp":1747063403953,"level":"debug","message":"Page request finished: GET (document) 200 file:///var/folders/j7/vq6wj4h9613fyybn17_01dxh0000gn/T/jsreport/autocleanup/e747ed3c-4953-4600-b230-01935d5d8212-chrome-pdf.html","meta":{"rootId":"2xm90ogspxhm4qr","id":"1t61aqm6zunfb5n"},"id":"5gj9rgj4umln5ep","previousOperationId":"804osvy0kc1qc7q"}
{"type":"log","timestamp":1747063403953,"level":"debug","message":"Page request: GET (stylesheet) https://cdnjs.cloudflare.com/ajax/libs/metro/4.1.5/css/metro.min.css","meta":{"rootId":"2xm90ogspxhm4qr","id":"1t61aqm6zunfb5n"},"id":"o6zz5cr44or4w1e","previousOperationId":"804osvy0kc1qc7q"}
{"type":"log","timestamp":1747063403971,"level":"debug","message":"Page request finished: GET (stylesheet) 200 https://cdnjs.cloudflare.com/ajax/libs/metro/4.1.5/css/metro.min.css","meta":{"rootId":"2xm90ogspxhm4qr","id":"1t61aqm6zunfb5n"},"id":"qoi6j94oo2eszxy","previousOperationId":"804osvy0kc1qc7q"}
{"type":"log","timestamp":1747063404014,"level":"debug","message":"Running chrome with params {\"printBackground\":true,\"marginTop\":\"1.5cm\",\"marginRight\":\"1.5cm\",\"marginLeft\":\"1.cm\",\"timeout\":46004,\"margin\":{\"top\":\"1.5cm\",\"right\":\"1.5cm\",\"left\":\"1.cm\"}}","meta":{"rootId":"2xm90ogspxhm4qr","id":"1t61aqm6zunfb5n"},"id":"tko4anlhg8yhuht","previousOperationId":"804osvy0kc1qc7q"}
{"type":"operationEnd","operationId":"804osvy0kc1qc7q","timestamp":1747063404283,"id":"kfxadnbn5gkrxpv","previousEventId":"ltqeo1w9cfi1bpu","previousOperationId":"804osvy0kc1qc7q"}
{"type":"log","timestamp":1747063404283,"level":"debug","message":"Skipping storing report.","meta":{"rootId":"2xm90ogspxhm4qr","id":"1t61aqm6zunfb5n"},"id":"7wwywmu7jk9nip1","previousOperationId":"804osvy0kc1qc7q"}
{"type":"log","timestamp":1747063404283,"level":"info","message":"Rendering (child) request finished in 14370 ms","meta":{"rootId":"2xm90ogspxhm4qr","id":"1t61aqm6zunfb5n"},"id":"aq3g33hhmptt7tf","previousOperationId":"804osvy0kc1qc7q"}
{"type":"operationEnd","subtype":"render","operationId":"mrzuozcutruj9p8","timestamp":1747063404283,"id":"lhxpq4kbsdxy5jg","previousEventId":"kfxadnbn5gkrxpv","previousOperationId":"804osvy0kc1qc7q"}
{"type":"operationEnd","operationId":"rdhci8xmee8vp81","timestamp":1747063404341,"id":"f7zf6sh1joef3u6","previousEventId":"soka7rgu9jy28fv","previousOperationId":"rdhci8xmee8vp81"}
{"type":"log","timestamp":1747063404341,"level":"debug","message":"pdf-utils postprocess start","meta":{"rootId":"2xm90ogspxhm4qr","id":"2xm90ogspxhm4qr"},"id":"aj6oev3b9kbojiz","previousOperationId":"rdhci8xmee8vp81"}
{"type":"log","timestamp":1747063404374,"level":"debug","message":"pdf-utils postprocess end","meta":{"rootId":"2xm90ogspxhm4qr","id":"2xm90ogspxhm4qr"},"id":"d6lln7emvvjakm1","previousOperationId":"rdhci8xmee8vp81"}
{"type":"operationEnd","operationId":"rapggko2mn50baf","timestamp":1747063404374,"id":"63bcjp677hgz9wf","previousEventId":"f7zf6sh1joef3u6","previousOperationId":"rdhci8xmee8vp81"}
{"type":"log","timestamp":1747063404377,"level":"info","message":"pdf-utils pdf processing was finished","meta":{"rootId":"2xm90ogspxhm4qr","id":"2xm90ogspxhm4qr"},"id":"w7yy5f0ur3fyaft","previousOperationId":"rapggko2mn50baf"}
{"type":"log","timestamp":1747063404377,"level":"debug","message":"Skipping storing report.","meta":{"rootId":"2xm90ogspxhm4qr","id":"2xm90ogspxhm4qr"},"id":"3c9per6xzk7kpxe","previousOperationId":"rapggko2mn50baf"}
{"type":"log","timestamp":1747063404377,"level":"info","message":"Rendering request 4 finished in 14464 ms","meta":{"rootId":"2xm90ogspxhm4qr","id":"2xm90ogspxhm4qr"},"id":"6a3j5fte07vomzm","previousOperationId":"rapggko2mn50baf"}
{"type":"operationEnd","subtype":"render","operationId":"gh4zqvrqrxrycww","timestamp":1747063404377,"id":"hdjdfkv4fndw033","previousEventId":"63bcjp677hgz9wf","previousOperationId":"rapggko2mn50baf"}
{"type":"operationEnd","doDiffs":false,"previousEventId":"q8cj60fqlnocule","previousOperationId":"6ygubdl9jzpud1t","operationId":"6ygubdl9jzpud1t","timestamp":1747063404378,"id":"9meu83dz1svovyr"}
