{"type":"operationStart","subtype":"profile","data":{"_id":"lSSMNqUIwev0Rvjp","timestamp":"2025-05-12T15:22:44.313Z","state":"queued","mode":"standard","creationDate":"2025-05-12T15:22:44.319Z","modificationDate":"2025-05-12T15:22:44.319Z","shortid":"KXv1Lno","$entitySet":"profiles"},"doDiffs":false,"timestamp":1747063364318,"id":"hty3a5p9mj4woqw","previousOperationId":null,"operationId":"7tbczb7dw9y2frn"}
{"type":"log","level":"info","message":"Render request 3 queued for execution and waiting for available worker","previousOperationId":"7tbczb7dw9y2frn","timestamp":1747063364319,"id":"o47zqejkm3cmd6f"}
{"type":"operationStart","subtype":"render","name":"sales-main","previousOperationId":"7tbczb7dw9y2frn","timestamp":1747063364411,"id":"0vu4lb2bon0gedv","previousEventId":"hty3a5p9mj4woqw","operationId":"tfp4lqaajy6isxg"}
{"type":"log","timestamp":1747063364414,"level":"info","message":"Starting rendering request 3","meta":{"rootId":"9bljyflocawydc2","id":"9bljyflocawydc2"},"id":"5z7p27kovbchr88","previousOperationId":"tfp4lqaajy6isxg"}
{"type":"log","timestamp":1747063364415,"level":"info","message":"Rendering template { name: sales-main, recipe: html-to-xlsx, engine: handlebars, preview: true }","meta":{"rootId":"9bljyflocawydc2","id":"9bljyflocawydc2"},"id":"4bjynl947sojv34","previousOperationId":"tfp4lqaajy6isxg"}
{"type":"log","timestamp":1747063364419,"level":"debug","message":"Adding sample data B1lSTrt6NB","meta":{"rootId":"9bljyflocawydc2","id":"9bljyflocawydc2"},"id":"9oskpxl0vz09yzf","previousOperationId":"tfp4lqaajy6isxg"}
{"type":"log","timestamp":1747063364428,"level":"debug","message":"Base url not specified, skipping its injection.","meta":{"rootId":"9bljyflocawydc2","id":"9bljyflocawydc2"},"id":"zrwq39scnjmyt55","previousOperationId":"tfp4lqaajy6isxg"}
{"type":"operationStart","subtype":"engine","name":"handlebars","timestamp":1747063364428,"id":"wlpdt3mjnae6q0x","previousEventId":"0vu4lb2bon0gedv","operationId":"4bn8t04ydgjfhbo","previousOperationId":"tfp4lqaajy6isxg"}
{"type":"log","timestamp":1747063364428,"level":"debug","message":"Rendering engine handlebars","meta":{"rootId":"9bljyflocawydc2","id":"9bljyflocawydc2"},"id":"1au7okvo0nfmgko","previousOperationId":"4bn8t04ydgjfhbo"}
{"type":"operationEnd","operationId":"4bn8t04ydgjfhbo","timestamp":1747063364463,"id":"af677s27s1xb1j5","previousEventId":"wlpdt3mjnae6q0x","previousOperationId":"4bn8t04ydgjfhbo"}
{"type":"operationStart","subtype":"recipe","name":"html-to-xlsx","timestamp":1747063364463,"id":"a684a4ajqemunlx","previousEventId":"af677s27s1xb1j5","operationId":"htinrpqj09zfh3g","previousOperationId":"4bn8t04ydgjfhbo"}
{"type":"log","timestamp":1747063364463,"level":"debug","message":"Executing recipe html-to-xlsx","meta":{"rootId":"9bljyflocawydc2","id":"9bljyflocawydc2"},"id":"9a1kt1d0cxcjz12","previousOperationId":"htinrpqj09zfh3g"}
{"type":"log","timestamp":1747063365497,"level":"info","message":"html-to-xlsx generation is starting","meta":{"rootId":"9bljyflocawydc2","id":"9bljyflocawydc2"},"id":"cpm6e35eum2p9so","previousOperationId":"htinrpqj09zfh3g"}
{"type":"log","timestamp":1747063375721,"level":"info","message":"html-to-xlsx generation was finished","meta":{"rootId":"9bljyflocawydc2","id":"9bljyflocawydc2"},"id":"561r0sk8p8jq8ve","previousOperationId":"htinrpqj09zfh3g"}
{"type":"log","timestamp":1747063375788,"level":"debug","message":"preparing office preview","meta":{"rootId":"9bljyflocawydc2","id":"9bljyflocawydc2"},"id":"g6eooxqodrh7303","previousOperationId":"htinrpqj09zfh3g"}
{"type":"operationEnd","operationId":"htinrpqj09zfh3g","timestamp":1747063376299,"id":"jzkidlq9w0nw7uw","previousEventId":"a684a4ajqemunlx","previousOperationId":"htinrpqj09zfh3g"}
{"type":"log","timestamp":1747063376300,"level":"debug","message":"Skipping storing report.","meta":{"rootId":"9bljyflocawydc2","id":"9bljyflocawydc2"},"id":"31g1jhazo0hmiel","previousOperationId":"htinrpqj09zfh3g"}
{"type":"log","timestamp":1747063376300,"level":"info","message":"Rendering request 3 finished in 11987 ms","meta":{"rootId":"9bljyflocawydc2","id":"9bljyflocawydc2"},"id":"awzk0yiebh5c4de","previousOperationId":"htinrpqj09zfh3g"}
{"type":"operationEnd","subtype":"render","operationId":"tfp4lqaajy6isxg","timestamp":1747063376300,"id":"zivcbs5eqgxg7ja","previousEventId":"jzkidlq9w0nw7uw","previousOperationId":"htinrpqj09zfh3g"}
{"type":"operationEnd","doDiffs":false,"previousEventId":"hty3a5p9mj4woqw","previousOperationId":"7tbczb7dw9y2frn","operationId":"7tbczb7dw9y2frn","timestamp":1747063376313,"id":"hbmsaads7pe1ces"}
